[2023-07-25T12:58:04.581352+00:00] main.CRITICAL: ReflectionException: Class "Training\Assignment\Ui\Component\Listing\Column\EditAction" does not exist in /var/www/html/bhpc/vendor/magento/framework/Code/Reader/ClassReader.php:34
Stack trace:
#0 /var/www/html/bhpc/vendor/magento/framework/Code/Reader/ClassReader.php(34): ReflectionClass->__construct()
#1 /var/www/html/bhpc/vendor/magento/framework/ObjectManager/Definition/Runtime.php(54): Magento\Framework\Code\Reader\ClassReader->getConstructor()
#2 /var/www/html/bhpc/vendor/magento/framework/ObjectManager/Factory/Compiled.php(100): Magento\Framework\ObjectManager\Definition\Runtime->getParameters()
#3 /var/www/html/bhpc/vendor/magento/framework/ObjectManager/ObjectManager.php(56): Magento\Framework\ObjectManager\Factory\Compiled->create()
#4 /var/www/html/bhpc/vendor/magento/framework/View/Element/UiComponentFactory.php(173): Magento\Framework\ObjectManager\ObjectManager->create()
#5 /var/www/html/bhpc/vendor/magento/framework/View/Element/UiComponentFactory.php(151): Magento\Framework\View\Element\UiComponentFactory->createChildComponent()
#6 /var/www/html/bhpc/vendor/magento/framework/View/Element/UiComponentFactory.php(248): Magento\Framework\View\Element\UiComponentFactory->createChildComponent()
#7 /var/www/html/bhpc/vendor/magento/framework/View/Layout/Generator/UiComponent.php(140): Magento\Framework\View\Element\UiComponentFactory->create()
#8 /var/www/html/bhpc/vendor/magento/framework/View/Layout/Generator/UiComponent.php(103): Magento\Framework\View\Layout\Generator\UiComponent->generateComponent()
#9 /var/www/html/bhpc/vendor/magento/framework/View/Layout/GeneratorPool.php(93): Magento\Framework\View\Layout\Generator\UiComponent->process()
#10 /var/www/html/bhpc/vendor/magento/framework/View/Layout.php(365): Magento\Framework\View\Layout\GeneratorPool->process()
#11 /var/www/html/bhpc/generated/code/Magento/Framework/View/Layout/Interceptor.php(32): Magento\Framework\View\Layout->generateElements()
#12 /var/www/html/bhpc/vendor/magento/framework/View/Layout/Builder.php(129): Magento\Framework\View\Layout\Interceptor->generateElements()
#13 /var/www/html/bhpc/vendor/magento/framework/View/Page/Builder.php(65): Magento\Framework\View\Layout\Builder->generateLayoutBlocks()
#14 /var/www/html/bhpc/vendor/magento/framework/View/Layout/Builder.php(65): Magento\Framework\View\Page\Builder->generateLayoutBlocks()
#15 /var/www/html/bhpc/vendor/magento/framework/View/Layout.php(271): Magento\Framework\View\Layout\Builder->build()
#16 /var/www/html/bhpc/vendor/magento/framework/View/Layout.php(896): Magento\Framework\View\Layout->build()
#17 /var/www/html/bhpc/vendor/magento/module-backend/Model/View/Result/Page.php(26): Magento\Framework\View\Layout->getBlock()
#18 /var/www/html/bhpc/app/code/Training/Assignment/Controller/Adminhtml/Review/index.php(41): Magento\Backend\Model\View\Result\Page->setActiveMenu()
#19 /var/www/html/bhpc/vendor/magento/framework/App/Action/Action.php(111): Training\Assignment\Controller\Adminhtml\Review\Index->execute()
#20 /var/www/html/bhpc/vendor/magento/module-backend/App/AbstractAction.php(151): Magento\Framework\App\Action\Action->dispatch()
#21 /var/www/html/bhpc/vendor/magento/framework/App/FrontController.php(245): Magento\Backend\App\AbstractAction->dispatch()
#22 /var/www/html/bhpc/vendor/magento/framework/App/FrontController.php(212): Magento\Framework\App\FrontController->getActionResponse()
#23 /var/www/html/bhpc/vendor/magento/framework/App/FrontController.php(147): Magento\Framework\App\FrontController->processRequest()
#24 /var/www/html/bhpc/vendor/magento/framework/Interception/Interceptor.php(58): Magento\Framework\App\FrontController->dispatch()
#25 /var/www/html/bhpc/vendor/magento/framework/Interception/Interceptor.php(138): Magento\Framework\App\FrontController\Interceptor->___callParent()
#26 /var/www/html/bhpc/vendor/magento/framework/Interception/Interceptor.php(153): Magento\Framework\App\FrontController\Interceptor->Magento\Framework\Interception\{closure}()
#27 /var/www/html/bhpc/generated/code/Magento/Framework/App/FrontController/Interceptor.php(23): Magento\Framework\App\FrontController\Interceptor->___callPlugins()
#28 /var/www/html/bhpc/vendor/magento/framework/App/Http.php(116): Magento\Framework\App\FrontController\Interceptor->dispatch()
#29 /var/www/html/bhpc/vendor/magento/framework/App/Bootstrap.php(264): Magento\Framework\App\Http->launch()
#30 /var/www/html/bhpc/pub/index.php(30): Magento\Framework\App\Bootstrap->run()
#31 {main} {"report_id":"dff106a9f0ce21d5836e63c4d4eff37c926a111179e4f0dfcc16528561bd9d61","exception":"[object] (ReflectionException(code: -1): Class \"Training\\Assignment\\Ui\\Component\\Listing\\Column\\EditAction\" does not exist at /var/www/html/bhpc/vendor/magento/framework/Code/Reader/ClassReader.php:34)"} []
